<?xml version="1.0" encoding="UTF-8"?>
<!-- Generated by org.testng.reporters.JUnitReportReporter -->
<testsuite hostname="DESKTOP-30ABOQD" failures="0" tests="1" name="kiddopiaAutomationFramework.Redeemgift" time="25.414" errors="0" timestamp="2021-09-18T11:47:10 IST" skipped="0">
  <testcase classname="kiddopiaAutomationFramework.Redeemgift" name="ScrollDown" time="25.414"/>
  <system-out/>
</testsuite> <!-- kiddopiaAutomationFramework.Redeemgift -->
