<?xml version="1.0" encoding="UTF-8"?>
<!-- Generated by org.testng.reporters.JUnitReportReporter -->
<testsuite hostname="DESKTOP-30ABOQD" failures="0" tests="1" name="kiddopiaAutomationFramework.HandleScroll" time="19.205" errors="0" timestamp="2021-09-18T21:52:09 IST" skipped="0">
  <testcase classname="kiddopiaAutomationFramework.HandleScroll" name="ScrollDown" time="19.205"/>
  <system-out/>
</testsuite> <!-- kiddopiaAutomationFramework.HandleScroll -->
