<?xml version="1.0" encoding="UTF-8"?>
<!-- Generated by org.testng.reporters.JUnitReportReporter -->
<testsuite hostname="DESKTOP-30ABOQD" failures="0" tests="1" name="kiddopiaAutomationFramework.Blog" time="22.179" errors="0" timestamp="2021-09-18T21:51:19 IST" skipped="0">
  <testcase classname="kiddopiaAutomationFramework.Blog" name="Scroll" time="22.179"/>
  <system-out/>
</testsuite> <!-- kiddopiaAutomationFramework.Blog -->
