<?xml version="1.0" encoding="UTF-8"?>
<!-- Generated by org.testng.reporters.JUnitReportReporter -->
<testsuite hostname="DESKTOP-30ABOQD" failures="0" tests="1" name="kiddopiaAutomationFramework.AboutUS" time="21.463" errors="0" timestamp="2021-09-18T21:50:21 IST" skipped="0">
  <testcase classname="kiddopiaAutomationFramework.AboutUS" name="Scroll" time="21.463"/>
  <system-out/>
</testsuite> <!-- kiddopiaAutomationFramework.AboutUS -->
