<?xml version="1.0" encoding="UTF-8"?>
<!-- Generated by org.testng.reporters.JUnitReportReporter -->
<testsuite hostname="DESKTOP-30ABOQD" failures="0" tests="1" name="kiddopiaAutomationFramework.Login" time="40.615" errors="0" timestamp="2021-09-18T21:48:02 IST" skipped="0">
  <testcase classname="kiddopiaAutomationFramework.Login" name="singin" time="40.615"/>
  <system-out/>
</testsuite> <!-- kiddopiaAutomationFramework.Login -->
