<?xml version="1.0" encoding="UTF-8"?>
<!-- Generated by org.testng.reporters.JUnitReportReporter -->
<testsuite hostname="DESKTOP-30ABOQD" failures="0" tests="1" name="kiddopiaAutomationFramework.TreeTrail" time="24.206" errors="0" timestamp="2021-09-18T12:08:54 IST" skipped="0">
  <testcase classname="kiddopiaAutomationFramework.TreeTrail" name="FreeButton" time="24.206"/>
  <system-out/>
</testsuite> <!-- kiddopiaAutomationFramework.TreeTrail -->
