<?xml version="1.0" encoding="UTF-8"?>
<!-- Generated by org.testng.reporters.JUnitReportReporter -->
<testsuite hostname="DESKTOP-30ABOQD" failures="0" tests="1" name="kiddopiaAutomationFramework.Redeemgift1" time="23.186" errors="0" timestamp="2021-09-18T21:52:59 IST" skipped="0">
  <testcase classname="kiddopiaAutomationFramework.Redeemgift1" name="Scroll" time="23.186"/>
  <system-out/>
</testsuite> <!-- kiddopiaAutomationFramework.Redeemgift1 -->
